<?xml version="1.0" encoding="UTF-8"?>
<robot generator="Robot 6.0.2 (Python 3.10.10 on darwin)" generated="20230326 21:01:46.858" rpa="false" schemaversion="3">
<suite id="s1" name="Accounts" source="/Users/nithingopal/Work/nordend/qa/suite/accounts.robot">
<test id="s1-t1" name="Get list of accounts" line="7">
<kw name="GET" library="RequestsLibrary">
<var>${response}</var>
<arg>${base_url}${list_accounts}</arg>
<doc>Sends a GET request.</doc>
<msg timestamp="20230326 21:01:46.909" level="INFO">GET Request : url=http://127.0.0.1:8080/api/v1/accounts 
 path_url=/api/v1/accounts 
 headers={'User-Agent': 'python-requests/2.26.0', 'Accept-Encoding': 'gzip, deflate', 'Accept': '*/*', 'Connection': 'keep-alive'} 
 body=None 
 </msg>
<msg timestamp="20230326 21:01:46.909" level="INFO">GET Response : url=http://127.0.0.1:8080/api/v1/accounts 
 status=200, reason=OK 
 headers={'Date': 'Sun, 26 Mar 2023 15:31:46 GMT', 'Content-Type': 'application/json', 'Content-Length': '61', 'Vary': 'Origin', 'Access-Control-Allow-Origin': '*'} 
 body={"offset":20,"result":[{"amgid":"AMG00001","name":"Nithin"}]} 
 </msg>
<msg timestamp="20230326 21:01:46.909" level="INFO">${response} = &lt;Response [200]&gt;</msg>
<status status="PASS" starttime="20230326 21:01:46.903" endtime="20230326 21:01:46.909"/>
</kw>
<kw name="Status Should Be" library="RequestsLibrary">
<arg>200</arg>
<doc>Fails if response status code is different than the expected.</doc>
<status status="PASS" starttime="20230326 21:01:46.909" endtime="20230326 21:01:46.909"/>
</kw>
<kw name="Log List" library="Collections">
<arg>${response.json()}</arg>
<doc>Logs the length and contents of the ``list`` using given ``level``.</doc>
<msg timestamp="20230326 21:01:46.910" level="INFO">List length is 2 and it contains following items:
0: offset
1: result</msg>
<status status="PASS" starttime="20230326 21:01:46.909" endtime="20230326 21:01:46.910"/>
</kw>
<doc>API to list all accounts</doc>
<tag>Accounts</tag>
<status status="PASS" starttime="20230326 21:01:46.902" endtime="20230326 21:01:46.910"/>
</test>
<test id="s1-t2" name="Get list of accounts" line="14">
<kw name="GET" library="RequestsLibrary">
<var>${response}</var>
<arg>${base_url}${list_accounts}</arg>
<doc>Sends a GET request.</doc>
<msg timestamp="20230326 21:01:46.912" level="INFO">GET Request : url=http://127.0.0.1:8080/api/v1/accounts 
 path_url=/api/v1/accounts 
 headers={'User-Agent': 'python-requests/2.26.0', 'Accept-Encoding': 'gzip, deflate', 'Accept': '*/*', 'Connection': 'keep-alive'} 
 body=None 
 </msg>
<msg timestamp="20230326 21:01:46.912" level="INFO">GET Response : url=http://127.0.0.1:8080/api/v1/accounts 
 status=200, reason=OK 
 headers={'Date': 'Sun, 26 Mar 2023 15:31:46 GMT', 'Content-Type': 'application/json', 'Content-Length': '61', 'Vary': 'Origin', 'Access-Control-Allow-Origin': '*'} 
 body={"offset":20,"result":[{"amgid":"AMG00001","name":"Nithin"}]} 
 </msg>
<msg timestamp="20230326 21:01:46.912" level="INFO">${response} = &lt;Response [200]&gt;</msg>
<status status="PASS" starttime="20230326 21:01:46.910" endtime="20230326 21:01:46.912"/>
</kw>
<kw name="Status Should Be" library="RequestsLibrary">
<arg>200</arg>
<doc>Fails if response status code is different than the expected.</doc>
<status status="PASS" starttime="20230326 21:01:46.912" endtime="20230326 21:01:46.912"/>
</kw>
<kw name="Log List" library="Collections">
<arg>${response.json()}</arg>
<doc>Logs the length and contents of the ``list`` using given ``level``.</doc>
<msg timestamp="20230326 21:01:46.912" level="INFO">List length is 2 and it contains following items:
0: offset
1: result</msg>
<status status="PASS" starttime="20230326 21:01:46.912" endtime="20230326 21:01:46.912"/>
</kw>
<doc>API to list all accounts</doc>
<tag>Accounts</tag>
<status status="PASS" starttime="20230326 21:01:46.910" endtime="20230326 21:01:46.912"/>
</test>
<test id="s1-t3" name="Get list of accounts" line="21">
<kw name="GET" library="RequestsLibrary">
<var>${response}</var>
<arg>${base_url}${list_accounts}</arg>
<doc>Sends a GET request.</doc>
<msg timestamp="20230326 21:01:46.914" level="INFO">GET Request : url=http://127.0.0.1:8080/api/v1/accounts 
 path_url=/api/v1/accounts 
 headers={'User-Agent': 'python-requests/2.26.0', 'Accept-Encoding': 'gzip, deflate', 'Accept': '*/*', 'Connection': 'keep-alive'} 
 body=None 
 </msg>
<msg timestamp="20230326 21:01:46.914" level="INFO">GET Response : url=http://127.0.0.1:8080/api/v1/accounts 
 status=200, reason=OK 
 headers={'Date': 'Sun, 26 Mar 2023 15:31:46 GMT', 'Content-Type': 'application/json', 'Content-Length': '61', 'Vary': 'Origin', 'Access-Control-Allow-Origin': '*'} 
 body={"offset":20,"result":[{"amgid":"AMG00001","name":"Nithin"}]} 
 </msg>
<msg timestamp="20230326 21:01:46.914" level="INFO">${response} = &lt;Response [200]&gt;</msg>
<status status="PASS" starttime="20230326 21:01:46.912" endtime="20230326 21:01:46.914"/>
</kw>
<kw name="Status Should Be" library="RequestsLibrary">
<arg>200</arg>
<doc>Fails if response status code is different than the expected.</doc>
<status status="PASS" starttime="20230326 21:01:46.914" endtime="20230326 21:01:46.914"/>
</kw>
<kw name="Log List" library="Collections">
<arg>${response.json()}</arg>
<doc>Logs the length and contents of the ``list`` using given ``level``.</doc>
<msg timestamp="20230326 21:01:46.914" level="INFO">List length is 2 and it contains following items:
0: offset
1: result</msg>
<status status="PASS" starttime="20230326 21:01:46.914" endtime="20230326 21:01:46.914"/>
</kw>
<doc>API to list all accounts</doc>
<tag>Accounts</tag>
<status status="PASS" starttime="20230326 21:01:46.912" endtime="20230326 21:01:46.914"/>
</test>
<status status="PASS" starttime="20230326 21:01:46.859" endtime="20230326 21:01:46.914"/>
</suite>
<statistics>
<total>
<stat pass="3" fail="0" skip="0">All Tests</stat>
</total>
<tag>
<stat pass="3" fail="0" skip="0">Accounts</stat>
</tag>
<suite>
<stat pass="3" fail="0" skip="0" id="s1" name="Accounts">Accounts</stat>
</suite>
</statistics>
<errors>
<msg timestamp="20230326 21:01:46.910" level="WARN">Multiple tests with name 'Get list of accounts' executed in suite 'Accounts'.</msg>
<msg timestamp="20230326 21:01:46.912" level="WARN">Multiple tests with name 'Get list of accounts' executed in suite 'Accounts'.</msg>
</errors>
</robot>
